... loading data
... building the model
... training the model
12.375
10.9583333333
10.3125
9.83333333333
9.47916666667
9.29166666667
9.0
8.95833333333
8.8125
8.66666666667
8.52083333333
8.41666666667
8.29166666667
8.28125
8.27083333333
8.23958333333
8.17708333333
8.0625
7.94791666667
7.92708333333
7.95833333333
7.94791666667
7.94791666667
7.84375
7.84375
7.83333333333
7.8125
7.73958333333
7.72916666667
7.69791666667
7.63541666667
7.625
7.61458333333
7.59375
7.59375
7.58333333333
7.57291666667
7.54166666667
7.52083333333
7.48958333333
7.45833333333
7.46875
7.51041666667
7.52083333333
7.52083333333
7.5
7.51041666667
7.48958333333
