... loading data
... building the model
... training the model
14.4270833333
12.4166666667
11.5104166667
10.9583333333
10.5625
10.3125
10.1041666667
9.89583333333
9.6875
9.52083333333
9.41666666667
9.27083333333
9.16666666667
9.09375
9.05208333333
8.9375
8.88541666667
8.80208333333
8.66666666667
8.61458333333
8.57291666667
8.55208333333
8.46875
8.46875
8.40625
8.34375
8.34375
8.36458333333
8.33333333333
8.26041666667
8.20833333333
8.15625
8.17708333333
8.125
8.0
7.98958333333
8.01041666667
7.96875
7.88541666667
7.83333333333
7.83333333333
7.875
7.84375
7.79166666667
7.78125
7.76041666667
7.71875
7.71875
7.71875
7.73958333333
7.65625
7.73958333333
7.60416666667
7.59375
7.60416666667
7.57291666667
7.5625
7.55208333333
7.58333333333
7.5625
7.5625
7.48958333333
7.53125
7.5
7.48958333333
7.46875
7.45833333333
7.48958333333
7.48958333333
7.4375
7.45833333333
7.45833333333
7.40625
7.375
7.35416666667
7.38541666667
7.33333333333
7.34375
7.28125
7.27083333333
7.27083333333
7.22916666667
7.29166666667
7.28125
7.32291666667
7.25
7.22916666667
7.22916666667
7.27083333333
7.26041666667
7.23958333333
7.25
7.25
7.27083333333
7.29166666667
7.30208333333
7.17708333333
7.15625
