... loading data
... building the model
... training the model
11.8125
10.53125
9.91666666667
9.4375
9.10416666667
8.95833333333
8.78125
8.5625
8.42708333333
8.32291666667
8.3125
8.26041666667
8.125
8.0625
8.0
7.96875
7.9375
7.94791666667
7.89583333333
7.83333333333
7.86458333333
7.85416666667
7.77083333333
7.72916666667
7.63541666667
7.61458333333
7.60416666667
7.60416666667
7.59375
7.60416666667
7.57291666667
7.5625
7.55208333333
7.53125
7.52083333333
7.5
7.47916666667
7.45833333333
7.45833333333
7.45833333333
7.45833333333
7.46875
7.48958333333
7.45833333333
7.45833333333
7.45833333333
7.46875
