... loading data
... building the model
... training the model
10.8958333333
9.83333333333
9.17708333333
8.85416666667
8.60416666667
8.41666666667
8.28125
8.13541666667
8.0625
8.07291666667
7.97916666667
7.92708333333
7.90625
7.84375
7.73958333333
7.66666666667
7.625
7.59375
7.57291666667
7.57291666667
7.53125
7.53125
7.52083333333
7.5
7.47916666667
7.45833333333
7.4375
7.47916666667
7.48958333333
7.5
7.51041666667
7.48958333333
7.47916666667
7.4375
7.39583333333
7.38541666667
7.38541666667
7.375
7.36458333333
7.375
7.38541666667
7.41666666667
